app/build/outputs/logs/manifest-merger-debug-report.txt
-- Merging decision tree log ---
manifest
ADDED from src/main/AndroidManifest.xml:2:1-50:12
	package
		ADDED from src/main/AndroidManifest.xml:3:5-39
		INJECTED from src/main/AndroidManifest.xml
		INJECTED from src/main/AndroidManifest.xml
	android:versionName
		INJECTED from src/main/AndroidManifest.xml
		INJECTED from src/main/AndroidManifest.xml
	xmlns:android
		ADDED from src/main/AndroidManifest.xml:2:11-69
	android:versionCode
		INJECTED from src/main/AndroidManifest.xml
		INJECTED from src/main/AndroidManifest.xml
uses-permission#android.permission.INTERNET
ADDED from src/main/AndroidManifest.xml:6:5-67
	android:name
		ADDED from src/main/AndroidManifest.xml:6:22-64
uses-permission#android.permission.ACCESS_NETWORK_STATE
ADDED from src/main/AndroidManifest.xml:7:5-79
	android:name
		ADDED from src/main/AndroidManifest.xml:7:22-76
uses-permission#android.permission.ACCESS_WIFI_STATE
ADDED from src/main/AndroidManifest.xml:8:5-76
	android:name
		ADDED from src/main/AndroidManifest.xml:8:22-73
uses-permission#android.permission.CAMERA
ADDED from src/main/AndroidManifest.xml:9:5-65
	android:name
		ADDED from src/main/AndroidManifest.xml:9:22-62
uses-feature#android.hardware.sensor.proximity
ADDED from src/main/AndroidManifest.xml:11:5-13:35
	android:required
		ADDED from src/main/AndroidManifest.xml:13:9-32
	android:name
		ADDED from src/main/AndroidManifest.xml:12:9-57
uses-feature#android.hardware.sensor.gyroscope
ADDED from src/main/AndroidManifest.xml:14:5-16:35
	android:required
		ADDED from src/main/AndroidManifest.xml:16:9-32
	android:name
		ADDED from src/main/AndroidManifest.xml:15:9-57
uses-feature#android.hardware.wifi
ADDED from src/main/AndroidManifest.xml:18:5-20:35
	android:required
		ADDED from src/main/AndroidManifest.xml:20:9-32
	android:name
		ADDED from src/main/AndroidManifest.xml:19:9-45
uses-feature#android.hardware.camera
ADDED from src/main/AndroidManifest.xml:22:5-60
	android:name
		ADDED from src/main/AndroidManifest.xml:22:19-57
application
ADDED from src/main/AndroidManifest.xml:24:5-48:19
MERGED from [com.android.support:design:26.0.0-alpha1] AndroidManifest.xml:29:5-20
MERGED from [com.android.support:transition:26.0.0-alpha1] AndroidManifest.xml:26:5-20
MERGED from [com.android.support.constraint:constraint-layout:1.0.2] AndroidManifest.xml:9:5-20
MERGED from [com.android.support:cardview-v7:26.0.0-alpha1] AndroidManifest.xml:26:5-20
MERGED from [uk.co.chrisjenx:calligraphy:2.2.0] AndroidManifest.xml:11:5-20
MERGED from [com.android.support:appcompat-v7:26.0.0-alpha1] AndroidManifest.xml:29:5-20
MERGED from [com.android.support:support-v4:26.0.0-alpha1] AndroidManifest.xml:29:5-20
MERGED from [com.android.support:support-media-compat:26.0.0-alpha1] AndroidManifest.xml:29:5-20
MERGED from [com.android.support:support-fragment:26.0.0-alpha1] AndroidManifest.xml:29:5-20
MERGED from [com.android.support:support-core-ui:26.0.0-alpha1] AndroidManifest.xml:29:5-20
MERGED from [com.android.support:support-core-utils:26.0.0-alpha1] AndroidManifest.xml:29:5-20
MERGED from [com.android.support:animated-vector-drawable:26.0.0-alpha1] AndroidManifest.xml:26:5-20
MERGED from [com.android.support:support-vector-drawable:26.0.0-alpha1] AndroidManifest.xml:26:5-20
MERGED from [com.android.support:support-compat:26.0.0-alpha1] AndroidManifest.xml:29:5-20
	android:label
		ADDED from src/main/AndroidManifest.xml:28:9-41
	android:supportsRtl
		ADDED from src/main/AndroidManifest.xml:30:9-35
	android:roundIcon
		ADDED from src/main/AndroidManifest.xml:29:9-48
	android:allowBackup
		ADDED from src/main/AndroidManifest.xml:26:9-35
	android:icon
		ADDED from src/main/AndroidManifest.xml:27:9-43
	android:theme
		ADDED from src/main/AndroidManifest.xml:31:9-40
	android:name
		ADDED from src/main/AndroidManifest.xml:25:9-42
activity#com.example.akif.devinfo.MainActivity
ADDED from src/main/AndroidManifest.xml:32:9-34:52
	android:screenOrientation
		ADDED from src/main/AndroidManifest.xml:34:13-49
	android:name
		ADDED from src/main/AndroidManifest.xml:33:13-41
activity#com.example.akif.devinfo.Splash
ADDED from src/main/AndroidManifest.xml:36:9-47:20
	android:screenOrientation
		ADDED from src/main/AndroidManifest.xml:38:13-49
	android:theme
		ADDED from src/main/AndroidManifest.xml:39:13-44
	android:name
		ADDED from src/main/AndroidManifest.xml:37:13-35
intent-filter#android.intent.action.MAIN+android.intent.category.LAUNCHER
ADDED from src/main/AndroidManifest.xml:41:13-45:29
action#android.intent.action.MAIN
ADDED from src/main/AndroidManifest.xml:42:17-69
	android:name
		ADDED from src/main/AndroidManifest.xml:42:25-66
category#android.intent.category.LAUNCHER
ADDED from src/main/AndroidManifest.xml:44:17-77
	android:name
		ADDED from src/main/AndroidManifest.xml:44:27-74
uses-sdk
INJECTED from src/main/AndroidManifest.xml reason: use-sdk injection requested
MERGED from [com.android.support:design:26.0.0-alpha1] AndroidManifest.xml:21:5-23:62
MERGED from [com.android.support:recyclerview-v7:26.0.0-alpha1] AndroidManifest.xml:20:5-44
MERGED from [com.android.support:transition:26.0.0-alpha1] AndroidManifest.xml:20:5-44
MERGED from [com.android.support.constraint:constraint-layout:1.0.2] AndroidManifest.xml:5:5-7:41
MERGED from [com.android.support:cardview-v7:26.0.0-alpha1] AndroidManifest.xml:20:5-44
MERGED from [com.jakewharton:butterknife:8.8.1] AndroidManifest.xml:5:5-43
MERGED from [com.github.lzyzsd:circleprogress:1.2.1] AndroidManifest.xml:8:5-10:41
MERGED from [uk.co.chrisjenx:calligraphy:2.2.0] AndroidManifest.xml:7:5-9:41
MERGED from [com.android.support:appcompat-v7:26.0.0-alpha1] AndroidManifest.xml:21:5-23:78
MERGED from [com.android.support:support-v4:26.0.0-alpha1] AndroidManifest.xml:21:5-23:54
MERGED from [com.android.support:support-media-compat:26.0.0-alpha1] AndroidManifest.xml:21:5-23:63
MERGED from [com.android.support:support-fragment:26.0.0-alpha1] AndroidManifest.xml:21:5-23:60
MERGED from [com.android.support:support-core-ui:26.0.0-alpha1] AndroidManifest.xml:21:5-23:58
MERGED from [com.android.support:support-core-utils:26.0.0-alpha1] AndroidManifest.xml:21:5-23:61
MERGED from [com.android.support:animated-vector-drawable:26.0.0-alpha1] AndroidManifest.xml:20:5-44
MERGED from [com.android.support:support-vector-drawable:26.0.0-alpha1] AndroidManifest.xml:20:5-44
MERGED from [com.android.support:support-compat:26.0.0-alpha1] AndroidManifest.xml:21:5-23:58
MERGED from [pl.droidsonroids.gif:android-gif-drawable:1.2.8] AndroidManifest.xml:7:5-9:41
	tools:overrideLibrary
		ADDED from [com.android.support:design:26.0.0-alpha1] AndroidManifest.xml:23:9-59
	android:targetSdkVersion
		INJECTED from src/main/AndroidManifest.xml
		INJECTED from src/main/AndroidManifest.xml
	android:minSdkVersion
		INJECTED from src/main/AndroidManifest.xml
		INJECTED from src/main/AndroidManifest.xml
meta-data#android.support.VERSION
ADDED from [com.android.support:design:26.0.0-alpha1] AndroidManifest.xml:25:5-27:41
MERGED from [com.android.support:recyclerview-v7:26.0.0-alpha1] AndroidManifest.xml:22:5-24:41
MERGED from [com.android.support:transition:26.0.0-alpha1] AndroidManifest.xml:22:5-24:41
MERGED from [com.android.support:cardview-v7:26.0.0-alpha1] AndroidManifest.xml:22:5-24:41
MERGED from [com.android.support:appcompat-v7:26.0.0-alpha1] AndroidManifest.xml:25:5-27:41
MERGED from [com.android.support:support-v4:26.0.0-alpha1] AndroidManifest.xml:25:5-27:41
MERGED from [com.android.support:support-media-compat:26.0.0-alpha1] AndroidManifest.xml:25:5-27:41
MERGED from [com.android.support:support-fragment:26.0.0-alpha1] AndroidManifest.xml:25:5-27:41
MERGED from [com.android.support:support-core-ui:26.0.0-alpha1] AndroidManifest.xml:25:5-27:41
MERGED from [com.android.support:support-core-utils:26.0.0-alpha1] AndroidManifest.xml:25:5-27:41
MERGED from [com.android.support:animated-vector-drawable:26.0.0-alpha1] AndroidManifest.xml:22:5-24:41
MERGED from [com.android.support:support-vector-drawable:26.0.0-alpha1] AndroidManifest.xml:22:5-24:41
MERGED from [com.android.support:support-compat:26.0.0-alpha1] AndroidManifest.xml:25:5-27:41
	android:value
		ADDED from [com.android.support:design:26.0.0-alpha1] AndroidManifest.xml:27:9-38
	android:name
		ADDED from [com.android.support:design:26.0.0-alpha1] AndroidManifest.xml:26:9-47